%!Adobe-FontList 1.20
%Locale:0x40c

%BeginFont
Handler:DirectoryHandler
FontType:TrueType
FontName:OpenSans-Bold
FamilyName:Open Sans
StyleName:Bold
FullName:Open Sans Bold
MenuName:Open Sans
StyleBits:2
WritingScript:Roman
OutlineFileName:D:\GIT\Xplicit\Background\assets\Font\OpenSans-Bold.ttf
DataFormat:sfntData
hasSVG:no
VariableFontType:NonVariableFont
FileLength:129784
FileModTime:1296601200
WeightClass:700
WidthClass:5
AngleClass:0
NameArray:0,Win,1,Open Sans
%EndFont

%BeginFont
Handler:DirectoryHandler
FontType:TrueType
FontName:OpenSans-BoldItalic
FamilyName:Open Sans
StyleName:Bold Italic
FullName:Open Sans Bold Italic
MenuName:Open Sans
StyleBits:3
WritingScript:Roman
OutlineFileName:D:\GIT\Xplicit\Background\assets\Font\OpenSans-BoldItalic.ttf
DataFormat:sfntData
hasSVG:no
VariableFontType:NonVariableFont
FileLength:135108
FileModTime:1296601200
WeightClass:700
WidthClass:5
AngleClass:1
NameArray:0,Win,1,Open Sans
%EndFont

%BeginFont
Handler:DirectoryHandler
FontType:TrueType
FontName:OpenSans-ExtraBold
FamilyName:Open Sans
StyleName:ExtraBold
FullName:Open Sans ExtraBold
MenuName:Open Sans ExtraBold
StyleBits:0
WritingScript:Roman
OutlineFileName:D:\GIT\Xplicit\Background\assets\Font\OpenSans-ExtraBold.ttf
DataFormat:sfntData
hasSVG:no
VariableFontType:NonVariableFont
FileLength:130180
FileModTime:1296601200
WeightClass:800
WidthClass:5
AngleClass:0
NameArray:0,Win,1,Open Sans ExtraBold
NameArray:0,Win,16,Open Sans
%EndFont

%BeginFont
Handler:DirectoryHandler
FontType:TrueType
FontName:OpenSans-ExtraBoldItalic
FamilyName:Open Sans
StyleName:ExtraBold Italic
FullName:Open Sans ExtraBold Italic
MenuName:Open Sans ExtraBold
StyleBits:1
WritingScript:Roman
OutlineFileName:D:\GIT\Xplicit\Background\assets\Font\OpenSans-ExtraBoldItalic.ttf
DataFormat:sfntData
hasSVG:no
VariableFontType:NonVariableFont
FileLength:135688
FileModTime:1296601200
WeightClass:800
WidthClass:5
AngleClass:1
NameArray:0,Win,1,Open Sans ExtraBold
NameArray:0,Win,16,Open Sans
%EndFont

%BeginFont
Handler:DirectoryHandler
FontType:TrueType
FontName:OpenSans-Italic
FamilyName:Open Sans
StyleName:Italic
FullName:Open Sans Italic
MenuName:Open Sans
StyleBits:1
WritingScript:Roman
OutlineFileName:D:\GIT\Xplicit\Background\assets\Font\OpenSans-Italic.ttf
DataFormat:sfntData
hasSVG:no
VariableFontType:NonVariableFont
FileLength:135380
FileModTime:1296601200
WeightClass:400
WidthClass:5
AngleClass:1
NameArray:0,Win,1,Open Sans
%EndFont

%BeginFont
Handler:DirectoryHandler
FontType:TrueType
FontName:OpenSans-Light
FamilyName:Open Sans
StyleName:Light
FullName:Open Sans Light
MenuName:Open Sans Light
StyleBits:0
WritingScript:Roman
OutlineFileName:D:\GIT\Xplicit\Background\assets\Font\OpenSans-Light.ttf
DataFormat:sfntData
hasSVG:no
VariableFontType:NonVariableFont
FileLength:129756
FileModTime:1296601200
WeightClass:300
WidthClass:5
AngleClass:0
NameArray:0,Win,1,Open Sans Light
NameArray:0,Win,16,Open Sans
%EndFont

%BeginFont
Handler:DirectoryHandler
FontType:TrueType
FontName:OpenSans-LightItalic
FamilyName:Open Sans
StyleName:Light Italic
FullName:Open Sans Light Italic
MenuName:Open Sans Light
StyleBits:1
WritingScript:Roman
OutlineFileName:D:\GIT\Xplicit\Background\assets\Font\OpenSans-LightItalic.ttf
DataFormat:sfntData
hasSVG:no
VariableFontType:NonVariableFont
FileLength:135668
FileModTime:1296601200
WeightClass:300
WidthClass:5
AngleClass:1
NameArray:0,Win,1,Open Sans Light
NameArray:0,Win,16,Open Sans
%EndFont

%BeginFont
Handler:DirectoryHandler
FontType:TrueType
FontName:OpenSans-Medium
FamilyName:Open Sans
StyleName:Medium
FullName:Open Sans Medium
MenuName:Open Sans Medium
StyleBits:0
WritingScript:Roman
OutlineFileName:D:\GIT\Xplicit\Background\assets\Font\OpenSans-Medium.ttf
DataFormat:sfntData
hasSVG:no
VariableFontType:NonVariableFont
FileLength:129948
FileModTime:1296601200
WeightClass:500
WidthClass:5
AngleClass:0
NameArray:0,Win,1,Open Sans Medium
NameArray:0,Win,16,Open Sans
%EndFont

%BeginFont
Handler:DirectoryHandler
FontType:TrueType
FontName:OpenSans-MediumItalic
FamilyName:Open Sans
StyleName:Medium Italic
FullName:Open Sans Medium Italic
MenuName:Open Sans Medium
StyleBits:1
WritingScript:Roman
OutlineFileName:D:\GIT\Xplicit\Background\assets\Font\OpenSans-MediumItalic.ttf
DataFormat:sfntData
hasSVG:no
VariableFontType:NonVariableFont
FileLength:135556
FileModTime:1296601200
WeightClass:500
WidthClass:5
AngleClass:1
NameArray:0,Win,1,Open Sans Medium
NameArray:0,Win,16,Open Sans
%EndFont

%BeginFont
Handler:DirectoryHandler
FontType:TrueType
FontName:OpenSans-Regular
FamilyName:Open Sans
StyleName:Regular
FullName:Open Sans Regular
MenuName:Open Sans
StyleBits:0
WritingScript:Roman
OutlineFileName:D:\GIT\Xplicit\Background\assets\Font\OpenSans-Regular.ttf
DataFormat:sfntData
hasSVG:no
VariableFontType:NonVariableFont
FileLength:129796
FileModTime:1296601200
WeightClass:400
WidthClass:5
AngleClass:0
NameArray:0,Win,1,Open Sans
%EndFont

%BeginFont
Handler:DirectoryHandler
FontType:TrueType
FontName:OpenSans-SemiBold
FamilyName:Open Sans
StyleName:SemiBold
FullName:Open Sans SemiBold
MenuName:Open Sans SemiBold
StyleBits:0
WritingScript:Roman
OutlineFileName:D:\GIT\Xplicit\Background\assets\Font\OpenSans-SemiBold.ttf
DataFormat:sfntData
hasSVG:no
VariableFontType:NonVariableFont
FileLength:129716
FileModTime:1296601200
WeightClass:600
WidthClass:5
AngleClass:0
NameArray:0,Win,1,Open Sans SemiBold
NameArray:0,Win,16,Open Sans
%EndFont

%BeginFont
Handler:DirectoryHandler
FontType:TrueType
FontName:OpenSans-SemiBoldItalic
FamilyName:Open Sans
StyleName:SemiBold Italic
FullName:Open Sans SemiBold Italic
MenuName:Open Sans SemiBold
StyleBits:1
WritingScript:Roman
OutlineFileName:D:\GIT\Xplicit\Background\assets\Font\OpenSans-SemiBoldItalic.ttf
DataFormat:sfntData
hasSVG:no
VariableFontType:NonVariableFont
FileLength:135512
FileModTime:1296601200
WeightClass:600
WidthClass:5
AngleClass:1
NameArray:0,Win,1,Open Sans SemiBold
NameArray:0,Win,16,Open Sans
%EndFont

